Using pre-set license
Built from '2020.3/staging' branch; Version is '2020.3.11f1 (99c7afb366b3) revision 10078127'; Using compiler version '192528614'; Build Type 'Release'
OS: 'Windows 10 Pro; OS build 19041.1288; Version 2004; 64bit' Language: 'de' Physical Memory: 8120 MB
BatchMode: 1, IsHumanControllingUs: 0, StartBugReporterOnCrash: 0, Is64bit: 1, IsPro: 0

 COMMAND LINE ARGUMENTS:
C:\Program Files\Unity\Hub\Editor\2020.3.11f1\Editor\Unity.exe
-adb2
-batchMode
-noUpm
-name
AssetImportWorker0
-projectPath
D:/GitHub/Shader Testing
-logFile
Logs/AssetImportWorker0.log
-srvPort
63608
Successfully changed project path to: D:/GitHub/Shader Testing
D:/GitHub/Shader Testing
Using Asset Import Pipeline V2.
Refreshing native plugins compatible for Editor in 57.46 ms, found 2 plugins.
Preloading 0 native plugins for Editor in 0.00 ms.
Initialize engine version: 2020.3.11f1 (99c7afb366b3)
[Subsystems] Discovering subsystems at path C:/Program Files/Unity/Hub/Editor/2020.3.11f1/Editor/Data/Resources/UnitySubsystems
[Subsystems] Discovering subsystems at path D:/GitHub/Shader Testing/Assets
GfxDevice: creating device client; threaded=0
Direct3D:
    Version:  Direct3D 11.0 [level 11.1]
    Renderer: NVIDIA GeForce GTX 950 (ID=0x1402)
    Vendor:   
    VRAM:     2007 MB
    Driver:   27.21.14.5671
Initialize mono
Mono path[0] = 'C:/Program Files/Unity/Hub/Editor/2020.3.11f1/Editor/Data/Managed'
Mono path[1] = 'C:/Program Files/Unity/Hub/Editor/2020.3.11f1/Editor/Data/MonoBleedingEdge/lib/mono/unityjit'
Mono config path = 'C:/Program Files/Unity/Hub/Editor/2020.3.11f1/Editor/Data/MonoBleedingEdge/etc'
Using monoOptions --debugger-agent=transport=dt_socket,embedding=1,server=y,suspend=n,address=127.0.0.1:56388
Begin MonoManager ReloadAssembly
Registering precompiled unity dll's ...
Register platform support module: C:/Program Files/Unity/Hub/Editor/2020.3.11f1/Editor/Data/PlaybackEngines/WindowsStandaloneSupport/UnityEditor.WindowsStandalone.Extensions.dll
Registered in 0.002687 seconds.
Native extension for WindowsStandalone target not found
Refreshing native plugins compatible for Editor in 58.15 ms, found 2 plugins.
Preloading 0 native plugins for Editor in 0.00 ms.
Mono: successfully reloaded assembly
- Completed reload, in  1.363 seconds
Platform modules already initialized, skipping
Registering precompiled user dll's ...
Registered in 0.004870 seconds.
Begin MonoManager ReloadAssembly
Native extension for WindowsStandalone target not found
Refreshing native plugins compatible for Editor in 50.79 ms, found 2 plugins.
Preloading 0 native plugins for Editor in 0.00 ms.
Mono: successfully reloaded assembly
- Completed reload, in  1.323 seconds
Platform modules already initialized, skipping
========================================================================
Worker process is ready to serve import requests
Shader 'Universal Render Pipeline/Particles/Lit': fallback shader 'Universal Render Pipeline/Particles/SimpleLit' not found
Shader 'Universal Render Pipeline/Particles/Lit': fallback shader 'Universal Render Pipeline/Particles/SimpleLit' not found
Launched and connected shader compiler UnityShaderCompiler.exe after 0.05 seconds
Refreshing native plugins compatible for Editor in 0.53 ms, found 2 plugins.
Preloading 0 native plugins for Editor in 0.00 ms.
Unloading 2645 Unused Serialized files (Serialized files now loaded: 0)
System memory in use before: 136.8 MB.
System memory in use after: 133.0 MB.

Unloading 68 unused Assets to reduce memory usage. Loaded Objects now: 3053.
Total: 5.031400 ms (FindLiveObjects: 0.367600 ms CreateObjectMapping: 0.233100 ms MarkObjects: 2.309500 ms  DeleteObjects: 2.120100 ms)

========================================================================
Received Import Request.
  path: Assets/Meshes/arm.fbx
  artifactKey: Guid(567c3e4bd0233e842a5e060d11c186ff) Importer(815301076,1909f56bfc062723c751e8b465ee728b)
Start importing Assets/Meshes/arm.fbx using Guid(567c3e4bd0233e842a5e060d11c186ff) Importer(815301076,1909f56bfc062723c751e8b465ee728b)  -> (artifact id: '4a8b9fb35403e871858511349b29c0f3') in 0.229317 seconds
  Import took 0.260693 seconds .

========================================================================
Received Prepare
Shader 'Universal Render Pipeline/Particles/Lit': fallback shader 'Universal Render Pipeline/Particles/SimpleLit' not found
Shader 'Universal Render Pipeline/Particles/Lit': fallback shader 'Universal Render Pipeline/Particles/SimpleLit' not found
Refreshing native plugins compatible for Editor in 5.24 ms, found 2 plugins.
Preloading 0 native plugins for Editor in 0.00 ms.
Unloading 62 Unused Serialized files (Serialized files now loaded: 0)
System memory in use before: 102.2 MB.
System memory in use after: 98.5 MB.

Unloading 63 unused Assets to reduce memory usage. Loaded Objects now: 3064.
Total: 12.125700 ms (FindLiveObjects: 0.397000 ms CreateObjectMapping: 0.289500 ms MarkObjects: 8.521800 ms  DeleteObjects: 2.916100 ms)

========================================================================
Received Import Request.
  Time since last request: 200.776378 seconds.
  path: Assets/Meshes/arm.fbx
  artifactKey: Guid(567c3e4bd0233e842a5e060d11c186ff) Importer(815301076,1909f56bfc062723c751e8b465ee728b)
Start importing Assets/Meshes/arm.fbx using Guid(567c3e4bd0233e842a5e060d11c186ff) Importer(815301076,1909f56bfc062723c751e8b465ee728b)  -> (artifact id: '2bf2c2fd775386c4fca9160f0273700b') in 0.038092 seconds
  Import took 0.062625 seconds .

========================================================================
Received Import Request.
  Time since last request: 527.930868 seconds.
  path: Assets/Meshes/arm.fbx
  artifactKey: Guid(567c3e4bd0233e842a5e060d11c186ff) Importer(815301076,1909f56bfc062723c751e8b465ee728b)
Start importing Assets/Meshes/arm.fbx using Guid(567c3e4bd0233e842a5e060d11c186ff) Importer(815301076,1909f56bfc062723c751e8b465ee728b)  -> (artifact id: '3b26913f1a792005f49a2f0c7bcafae2') in 0.063080 seconds
  Import took 0.081327 seconds .

========================================================================
Received Prepare
Shader 'Universal Render Pipeline/Particles/Lit': fallback shader 'Universal Render Pipeline/Particles/SimpleLit' not found
Shader 'Universal Render Pipeline/Particles/Lit': fallback shader 'Universal Render Pipeline/Particles/SimpleLit' not found
Refreshing native plugins compatible for Editor in 4.81 ms, found 2 plugins.
Preloading 0 native plugins for Editor in 0.00 ms.
Unloading 62 Unused Serialized files (Serialized files now loaded: 0)
System memory in use before: 102.4 MB.
System memory in use after: 98.7 MB.

Unloading 63 unused Assets to reduce memory usage. Loaded Objects now: 3097.
Total: 5.829000 ms (FindLiveObjects: 0.310100 ms CreateObjectMapping: 0.199000 ms MarkObjects: 3.249300 ms  DeleteObjects: 2.069000 ms)

========================================================================
Received Import Request.
  Time since last request: 94.987396 seconds.
  path: Assets/Lamp Material.mat
  artifactKey: Guid(803f98970fb259d46943f917b8071cf4) Importer(815301076,1909f56bfc062723c751e8b465ee728b)
Start importing Assets/Lamp Material.mat using Guid(803f98970fb259d46943f917b8071cf4) Importer(815301076,1909f56bfc062723c751e8b465ee728b)  -> (artifact id: 'b0dfc686ac0ca460263de570f7a004c9') in 0.030025 seconds
  Import took 0.054340 seconds .

========================================================================
Received Prepare
Shader 'Universal Render Pipeline/Particles/Lit': fallback shader 'Universal Render Pipeline/Particles/SimpleLit' not found
Shader 'Universal Render Pipeline/Particles/Lit': fallback shader 'Universal Render Pipeline/Particles/SimpleLit' not found
Refreshing native plugins compatible for Editor in 3.71 ms, found 2 plugins.
Preloading 0 native plugins for Editor in 0.00 ms.
Unloading 62 Unused Serialized files (Serialized files now loaded: 0)
System memory in use before: 102.4 MB.
System memory in use after: 98.7 MB.

Unloading 62 unused Assets to reduce memory usage. Loaded Objects now: 3097.
Total: 5.741000 ms (FindLiveObjects: 0.268100 ms CreateObjectMapping: 0.123300 ms MarkObjects: 3.295200 ms  DeleteObjects: 2.053200 ms)

========================================================================
Received Import Request.
  Time since last request: 132.767705 seconds.
  path: Assets/Lamp Material.mat
  artifactKey: Guid(803f98970fb259d46943f917b8071cf4) Importer(815301076,1909f56bfc062723c751e8b465ee728b)
Start importing Assets/Lamp Material.mat using Guid(803f98970fb259d46943f917b8071cf4) Importer(815301076,1909f56bfc062723c751e8b465ee728b)  -> (artifact id: '1797396882d1e847ed85bca4cf0cd304') in 0.037234 seconds
  Import took 0.062355 seconds .

========================================================================
Received Import Request.
  Time since last request: 0.262571 seconds.
  path: Assets/Lamp Material.mat
  artifactKey: Guid(803f98970fb259d46943f917b8071cf4) Importer(815301076,1909f56bfc062723c751e8b465ee728b)
Start importing Assets/Lamp Material.mat using Guid(803f98970fb259d46943f917b8071cf4) Importer(815301076,1909f56bfc062723c751e8b465ee728b)  -> (artifact id: '1797396882d1e847ed85bca4cf0cd304') in 0.015625 seconds
  Import took 0.022046 seconds .

========================================================================
Received Prepare
Registering precompiled user dll's ...
Registered in 0.004413 seconds.
Begin MonoManager ReloadAssembly
Native extension for WindowsStandalone target not found
Refreshing native plugins compatible for Editor in 0.80 ms, found 2 plugins.
Preloading 0 native plugins for Editor in 0.00 ms.
Mono: successfully reloaded assembly
- Completed reload, in  1.149 seconds
Platform modules already initialized, skipping
Shader 'Universal Render Pipeline/Particles/Lit': fallback shader 'Universal Render Pipeline/Particles/SimpleLit' not found
Shader 'Universal Render Pipeline/Particles/Lit': fallback shader 'Universal Render Pipeline/Particles/SimpleLit' not found
Refreshing native plugins compatible for Editor in 0.52 ms, found 2 plugins.
Preloading 0 native plugins for Editor in 0.00 ms.
Unloading 2635 Unused Serialized files (Serialized files now loaded: 0)
System memory in use before: 153.1 MB.
System memory in use after: 149.4 MB.

Unloading 64 unused Assets to reduce memory usage. Loaded Objects now: 3101.
Total: 4.875100 ms (FindLiveObjects: 0.279800 ms CreateObjectMapping: 0.117400 ms MarkObjects: 2.321800 ms  DeleteObjects: 2.154900 ms)

========================================================================
Received Import Request.
  Time since last request: 242.292443 seconds.
  path: Assets/ArmMovement.cs
  artifactKey: Guid(ff39899de0f03ab42b51900c32e06af1) Importer(815301076,1909f56bfc062723c751e8b465ee728b)
Start importing Assets/ArmMovement.cs using Guid(ff39899de0f03ab42b51900c32e06af1) Importer(815301076,1909f56bfc062723c751e8b465ee728b)  -> (artifact id: '32aa51a6596ae2fded333ac99dba0f38') in 0.029037 seconds
  Import took 0.038912 seconds .

========================================================================
Received Import Request.
  Time since last request: 53.261086 seconds.
  path: Assets/ArmMovement.cs
  artifactKey: Guid(ff39899de0f03ab42b51900c32e06af1) Importer(815301076,1909f56bfc062723c751e8b465ee728b)
Start importing Assets/ArmMovement.cs using Guid(ff39899de0f03ab42b51900c32e06af1) Importer(815301076,1909f56bfc062723c751e8b465ee728b)  -> (artifact id: '7d0c6e88458d53370c212ce82e3933ff') in 0.004718 seconds
  Import took 0.033449 seconds .

========================================================================
Received Prepare
Registering precompiled user dll's ...
Registered in 0.004358 seconds.
Begin MonoManager ReloadAssembly
Native extension for WindowsStandalone target not found
Refreshing native plugins compatible for Editor in 0.63 ms, found 2 plugins.
Preloading 0 native plugins for Editor in 0.00 ms.
Mono: successfully reloaded assembly
- Completed reload, in  1.107 seconds
Platform modules already initialized, skipping
Shader 'Universal Render Pipeline/Particles/Lit': fallback shader 'Universal Render Pipeline/Particles/SimpleLit' not found
Shader 'Universal Render Pipeline/Particles/Lit': fallback shader 'Universal Render Pipeline/Particles/SimpleLit' not found
Refreshing native plugins compatible for Editor in 0.58 ms, found 2 plugins.
Preloading 0 native plugins for Editor in 0.00 ms.
Unloading 2635 Unused Serialized files (Serialized files now loaded: 0)
System memory in use before: 153.2 MB.
System memory in use after: 149.5 MB.

Unloading 64 unused Assets to reduce memory usage. Loaded Objects now: 3104.
Total: 5.061300 ms (FindLiveObjects: 0.247300 ms CreateObjectMapping: 0.111500 ms MarkObjects: 1.935500 ms  DeleteObjects: 2.765600 ms)

========================================================================
Received Prepare
Registering precompiled user dll's ...
Registered in 0.004182 seconds.
Begin MonoManager ReloadAssembly
Native extension for WindowsStandalone target not found
Refreshing native plugins compatible for Editor in 0.61 ms, found 2 plugins.
Preloading 0 native plugins for Editor in 0.00 ms.
Mono: successfully reloaded assembly
- Completed reload, in  1.276 seconds
Platform modules already initialized, skipping
Shader 'Universal Render Pipeline/Particles/Lit': fallback shader 'Universal Render Pipeline/Particles/SimpleLit' not found
Shader 'Universal Render Pipeline/Particles/Lit': fallback shader 'Universal Render Pipeline/Particles/SimpleLit' not found
Refreshing native plugins compatible for Editor in 0.53 ms, found 2 plugins.
Preloading 0 native plugins for Editor in 0.00 ms.
Unloading 2635 Unused Serialized files (Serialized files now loaded: 0)
System memory in use before: 153.2 MB.
System memory in use after: 149.5 MB.

Unloading 64 unused Assets to reduce memory usage. Loaded Objects now: 3107.
Total: 4.934600 ms (FindLiveObjects: 0.345800 ms CreateObjectMapping: 0.222000 ms MarkObjects: 2.249800 ms  DeleteObjects: 2.115300 ms)

========================================================================
Received Prepare
Registering precompiled user dll's ...
Registered in 0.004388 seconds.
Begin MonoManager ReloadAssembly
Native extension for WindowsStandalone target not found
Refreshing native plugins compatible for Editor in 0.54 ms, found 2 plugins.
Preloading 0 native plugins for Editor in 0.00 ms.
Mono: successfully reloaded assembly
- Completed reload, in  1.172 seconds
Platform modules already initialized, skipping
Shader 'Universal Render Pipeline/Particles/Lit': fallback shader 'Universal Render Pipeline/Particles/SimpleLit' not found
Shader 'Universal Render Pipeline/Particles/Lit': fallback shader 'Universal Render Pipeline/Particles/SimpleLit' not found
Refreshing native plugins compatible for Editor in 0.70 ms, found 2 plugins.
Preloading 0 native plugins for Editor in 0.00 ms.
Unloading 2635 Unused Serialized files (Serialized files now loaded: 0)
System memory in use before: 153.3 MB.
System memory in use after: 149.5 MB.

Unloading 64 unused Assets to reduce memory usage. Loaded Objects now: 3110.
Total: 5.721900 ms (FindLiveObjects: 0.420400 ms CreateObjectMapping: 0.300100 ms MarkObjects: 2.499200 ms  DeleteObjects: 2.500700 ms)

========================================================================
Received Prepare
Registering precompiled user dll's ...
Registered in 0.004274 seconds.
Begin MonoManager ReloadAssembly
Native extension for WindowsStandalone target not found
Refreshing native plugins compatible for Editor in 0.55 ms, found 2 plugins.
Preloading 0 native plugins for Editor in 0.00 ms.
Mono: successfully reloaded assembly
- Completed reload, in  1.155 seconds
Platform modules already initialized, skipping
Shader 'Universal Render Pipeline/Particles/Lit': fallback shader 'Universal Render Pipeline/Particles/SimpleLit' not found
Shader 'Universal Render Pipeline/Particles/Lit': fallback shader 'Universal Render Pipeline/Particles/SimpleLit' not found
Refreshing native plugins compatible for Editor in 0.58 ms, found 2 plugins.
Preloading 0 native plugins for Editor in 0.00 ms.
Unloading 2635 Unused Serialized files (Serialized files now loaded: 0)
System memory in use before: 153.2 MB.
System memory in use after: 149.5 MB.

Unloading 64 unused Assets to reduce memory usage. Loaded Objects now: 3113.
Total: 5.483600 ms (FindLiveObjects: 0.332500 ms CreateObjectMapping: 0.263800 ms MarkObjects: 2.617000 ms  DeleteObjects: 2.268700 ms)

========================================================================
Received Prepare
Registering precompiled user dll's ...
Registered in 0.005393 seconds.
Begin MonoManager ReloadAssembly
Native extension for WindowsStandalone target not found
Refreshing native plugins compatible for Editor in 0.81 ms, found 2 plugins.
Preloading 0 native plugins for Editor in 0.00 ms.
Mono: successfully reloaded assembly
- Completed reload, in  1.214 seconds
Platform modules already initialized, skipping
Shader 'Universal Render Pipeline/Particles/Lit': fallback shader 'Universal Render Pipeline/Particles/SimpleLit' not found
Shader 'Universal Render Pipeline/Particles/Lit': fallback shader 'Universal Render Pipeline/Particles/SimpleLit' not found
Refreshing native plugins compatible for Editor in 0.57 ms, found 2 plugins.
Preloading 0 native plugins for Editor in 0.00 ms.
Unloading 2635 Unused Serialized files (Serialized files now loaded: 0)
System memory in use before: 153.2 MB.
System memory in use after: 149.5 MB.

Unloading 64 unused Assets to reduce memory usage. Loaded Objects now: 3116.
Total: 6.030900 ms (FindLiveObjects: 0.341300 ms CreateObjectMapping: 0.238200 ms MarkObjects: 2.403900 ms  DeleteObjects: 3.046100 ms)

========================================================================
Received Prepare
Registering precompiled user dll's ...
Registered in 0.004264 seconds.
Begin MonoManager ReloadAssembly
Native extension for WindowsStandalone target not found
Refreshing native plugins compatible for Editor in 0.61 ms, found 2 plugins.
Preloading 0 native plugins for Editor in 0.00 ms.
Mono: successfully reloaded assembly
- Completed reload, in  1.123 seconds
Platform modules already initialized, skipping
Shader 'Universal Render Pipeline/Particles/Lit': fallback shader 'Universal Render Pipeline/Particles/SimpleLit' not found
Shader 'Universal Render Pipeline/Particles/Lit': fallback shader 'Universal Render Pipeline/Particles/SimpleLit' not found
Refreshing native plugins compatible for Editor in 0.57 ms, found 2 plugins.
Preloading 0 native plugins for Editor in 0.00 ms.
Unloading 2635 Unused Serialized files (Serialized files now loaded: 0)
System memory in use before: 153.3 MB.
System memory in use after: 149.5 MB.

Unloading 64 unused Assets to reduce memory usage. Loaded Objects now: 3119.
Total: 5.502200 ms (FindLiveObjects: 0.307600 ms CreateObjectMapping: 0.215600 ms MarkObjects: 2.650700 ms  DeleteObjects: 2.327000 ms)

========================================================================
Received Prepare
Shader 'Universal Render Pipeline/Particles/Lit': fallback shader 'Universal Render Pipeline/Particles/SimpleLit' not found
Shader 'Universal Render Pipeline/Particles/Lit': fallback shader 'Universal Render Pipeline/Particles/SimpleLit' not found
Refreshing native plugins compatible for Editor in 3.63 ms, found 2 plugins.
Preloading 0 native plugins for Editor in 0.00 ms.
Unloading 62 Unused Serialized files (Serialized files now loaded: 0)
System memory in use before: 102.4 MB.
System memory in use after: 98.8 MB.

Unloading 62 unused Assets to reduce memory usage. Loaded Objects now: 3119.
Total: 5.945700 ms (FindLiveObjects: 0.317400 ms CreateObjectMapping: 0.348000 ms MarkObjects: 2.198300 ms  DeleteObjects: 3.081000 ms)

========================================================================
Received Import Request.
  Time since last request: 713.271288 seconds.
  path: Assets/PlayerMove.cs
  artifactKey: Guid(6a68c7ad5b3d4994995fe675b7b0655c) Importer(815301076,1909f56bfc062723c751e8b465ee728b)
Start importing Assets/PlayerMove.cs using Guid(6a68c7ad5b3d4994995fe675b7b0655c) Importer(815301076,1909f56bfc062723c751e8b465ee728b)  -> (artifact id: 'bc1c5394aa4bf8c40720ecedc0d053f8') in 0.010496 seconds
  Import took 0.025343 seconds .

========================================================================
Received Prepare
Registering precompiled user dll's ...
Registered in 0.004523 seconds.
Begin MonoManager ReloadAssembly
Native extension for WindowsStandalone target not found
Refreshing native plugins compatible for Editor in 0.52 ms, found 2 plugins.
Preloading 0 native plugins for Editor in 0.00 ms.
Mono: successfully reloaded assembly
- Completed reload, in  1.127 seconds
Platform modules already initialized, skipping
Shader 'Universal Render Pipeline/Particles/Lit': fallback shader 'Universal Render Pipeline/Particles/SimpleLit' not found
Shader 'Universal Render Pipeline/Particles/Lit': fallback shader 'Universal Render Pipeline/Particles/SimpleLit' not found
Refreshing native plugins compatible for Editor in 0.62 ms, found 2 plugins.
Preloading 0 native plugins for Editor in 0.00 ms.
Unloading 2635 Unused Serialized files (Serialized files now loaded: 0)
System memory in use before: 153.2 MB.
System memory in use after: 149.5 MB.

Unloading 64 unused Assets to reduce memory usage. Loaded Objects now: 3122.
Total: 4.833700 ms (FindLiveObjects: 0.281300 ms CreateObjectMapping: 0.118800 ms MarkObjects: 2.034400 ms  DeleteObjects: 2.397800 ms)

========================================================================
Received Prepare
Registering precompiled user dll's ...
Registered in 0.004958 seconds.
Begin MonoManager ReloadAssembly
Native extension for WindowsStandalone target not found
Refreshing native plugins compatible for Editor in 0.59 ms, found 2 plugins.
Preloading 0 native plugins for Editor in 0.00 ms.
Mono: successfully reloaded assembly
- Completed reload, in  1.193 seconds
Platform modules already initialized, skipping
Shader 'Universal Render Pipeline/Particles/Lit': fallback shader 'Universal Render Pipeline/Particles/SimpleLit' not found
Shader 'Universal Render Pipeline/Particles/Lit': fallback shader 'Universal Render Pipeline/Particles/SimpleLit' not found
Refreshing native plugins compatible for Editor in 0.56 ms, found 2 plugins.
Preloading 0 native plugins for Editor in 0.00 ms.
Unloading 2635 Unused Serialized files (Serialized files now loaded: 0)
System memory in use before: 153.3 MB.
System memory in use after: 149.6 MB.

Unloading 64 unused Assets to reduce memory usage. Loaded Objects now: 3125.
Total: 5.242700 ms (FindLiveObjects: 0.335400 ms CreateObjectMapping: 0.245000 ms MarkObjects: 2.245300 ms  DeleteObjects: 2.415200 ms)

========================================================================
Received Prepare
Registering precompiled user dll's ...
Registered in 0.004385 seconds.
Begin MonoManager ReloadAssembly
Native extension for WindowsStandalone target not found
Refreshing native plugins compatible for Editor in 0.57 ms, found 2 plugins.
Preloading 0 native plugins for Editor in 0.00 ms.
Mono: successfully reloaded assembly
- Completed reload, in  1.116 seconds
Platform modules already initialized, skipping
Shader 'Universal Render Pipeline/Particles/Lit': fallback shader 'Universal Render Pipeline/Particles/SimpleLit' not found
Shader 'Universal Render Pipeline/Particles/Lit': fallback shader 'Universal Render Pipeline/Particles/SimpleLit' not found
Refreshing native plugins compatible for Editor in 0.69 ms, found 2 plugins.
Preloading 0 native plugins for Editor in 0.00 ms.
Unloading 2635 Unused Serialized files (Serialized files now loaded: 0)
System memory in use before: 153.3 MB.
System memory in use after: 149.6 MB.

Unloading 64 unused Assets to reduce memory usage. Loaded Objects now: 3128.
Total: 4.689000 ms (FindLiveObjects: 0.298200 ms CreateObjectMapping: 0.126600 ms MarkObjects: 2.084200 ms  DeleteObjects: 2.178600 ms)

========================================================================
Received Prepare
Registering precompiled user dll's ...
Registered in 0.004339 seconds.
Begin MonoManager ReloadAssembly
Native extension for WindowsStandalone target not found
Refreshing native plugins compatible for Editor in 0.60 ms, found 2 plugins.
Preloading 0 native plugins for Editor in 0.00 ms.
Mono: successfully reloaded assembly
- Completed reload, in  1.087 seconds
Platform modules already initialized, skipping
Shader 'Universal Render Pipeline/Particles/Lit': fallback shader 'Universal Render Pipeline/Particles/SimpleLit' not found
Shader 'Universal Render Pipeline/Particles/Lit': fallback shader 'Universal Render Pipeline/Particles/SimpleLit' not found
Refreshing native plugins compatible for Editor in 0.71 ms, found 2 plugins.
Preloading 0 native plugins for Editor in 0.00 ms.
Unloading 2635 Unused Serialized files (Serialized files now loaded: 0)
System memory in use before: 153.4 MB.
System memory in use after: 149.6 MB.

Unloading 64 unused Assets to reduce memory usage. Loaded Objects now: 3131.
Total: 5.039500 ms (FindLiveObjects: 0.354900 ms CreateObjectMapping: 0.159600 ms MarkObjects: 2.249800 ms  DeleteObjects: 2.273300 ms)

========================================================================
Received Prepare
Shader 'Universal Render Pipeline/Particles/Lit': fallback shader 'Universal Render Pipeline/Particles/SimpleLit' not found
Shader 'Universal Render Pipeline/Particles/Lit': fallback shader 'Universal Render Pipeline/Particles/SimpleLit' not found
Refreshing native plugins compatible for Editor in 3.48 ms, found 2 plugins.
Preloading 0 native plugins for Editor in 0.00 ms.
Unloading 62 Unused Serialized files (Serialized files now loaded: 0)
System memory in use before: 102.6 MB.
System memory in use after: 98.9 MB.

Unloading 62 unused Assets to reduce memory usage. Loaded Objects now: 3131.
Total: 5.884700 ms (FindLiveObjects: 0.266600 ms CreateObjectMapping: 0.111800 ms MarkObjects: 2.808400 ms  DeleteObjects: 2.696400 ms)

========================================================================
Received Import Request.
  Time since last request: 907.900876 seconds.
  path: Assets/Meshes/arm.fbx
  artifactKey: Guid(567c3e4bd0233e842a5e060d11c186ff) Importer(815301076,1909f56bfc062723c751e8b465ee728b)
Start importing Assets/Meshes/arm.fbx using Guid(567c3e4bd0233e842a5e060d11c186ff) Importer(815301076,1909f56bfc062723c751e8b465ee728b)  -> (artifact id: '54c7e540d443beb7e466cb5779009834') in 0.176173 seconds
  Import took 0.205394 seconds .

========================================================================
Received Import Request.
  Time since last request: 1.920440 seconds.
  path: Assets/Meshes/arm.blend1
  artifactKey: Guid(befaf94f62ce5d84a8b726252e950716) Importer(815301076,1909f56bfc062723c751e8b465ee728b)
Start importing Assets/Meshes/arm.blend1 using Guid(befaf94f62ce5d84a8b726252e950716) Importer(815301076,1909f56bfc062723c751e8b465ee728b)  -> (artifact id: 'eff6351b2cfa641f520dc8a44469d87f') in 0.008121 seconds
  Import took 0.028739 seconds .

========================================================================
Received Import Request.
  Time since last request: 0.594345 seconds.
  path: Assets/Meshes/arm.blend
  artifactKey: Guid(ae3a51abfc577214581276600cc8ae9c) Importer(815301076,1909f56bfc062723c751e8b465ee728b)
Start importing Assets/Meshes/arm.blend using Guid(ae3a51abfc577214581276600cc8ae9c) Importer(815301076,1909f56bfc062723c751e8b465ee728b)  -> (artifact id: 'be7d7e36c94f4ff81e7cf2aa4182943b') in 0.005652 seconds
  Import took 0.022794 seconds .

========================================================================
Received Import Request.
  Time since last request: 139.374632 seconds.
  path: Assets/Meshes/arm.fbx
  artifactKey: Guid(567c3e4bd0233e842a5e060d11c186ff) Importer(815301076,1909f56bfc062723c751e8b465ee728b)
Start importing Assets/Meshes/arm.fbx using Guid(567c3e4bd0233e842a5e060d11c186ff) Importer(815301076,1909f56bfc062723c751e8b465ee728b)  -> (artifact id: '795f053598ff14004922e5dad7334d37') in 0.047768 seconds
  Import took 0.074160 seconds .

========================================================================
Received Import Request.
  Time since last request: 76.868856 seconds.
  path: Assets/Meshes/arm.fbx
  artifactKey: Guid(567c3e4bd0233e842a5e060d11c186ff) Importer(815301076,1909f56bfc062723c751e8b465ee728b)
Start importing Assets/Meshes/arm.fbx using Guid(567c3e4bd0233e842a5e060d11c186ff) Importer(815301076,1909f56bfc062723c751e8b465ee728b)  -> (artifact id: 'a75687f6ee0d2b262358f2b15f88aac2') in 0.049514 seconds
  Import took 0.075296 seconds .

========================================================================
Received Import Request.
  Time since last request: 10.887676 seconds.
  path: Assets/Meshes/arm.blend1
  artifactKey: Guid(befaf94f62ce5d84a8b726252e950716) Importer(815301076,1909f56bfc062723c751e8b465ee728b)
Start importing Assets/Meshes/arm.blend1 using Guid(befaf94f62ce5d84a8b726252e950716) Importer(815301076,1909f56bfc062723c751e8b465ee728b)  -> (artifact id: '43e046b5b695b1d8dcbdab38b4abe144') in 0.004425 seconds
  Import took 0.036691 seconds .

========================================================================
Received Import Request.
  Time since last request: 68.369383 seconds.
  path: Assets/Meshes/arm.fbx
  artifactKey: Guid(567c3e4bd0233e842a5e060d11c186ff) Importer(815301076,1909f56bfc062723c751e8b465ee728b)
Start importing Assets/Meshes/arm.fbx using Guid(567c3e4bd0233e842a5e060d11c186ff) Importer(815301076,1909f56bfc062723c751e8b465ee728b)  -> (artifact id: '5b71ce4abbea1a130a7a6ea40065cd8e') in 0.040454 seconds
  Import took 0.072247 seconds .

AssetImportWorkerClient::OnTransportError - code=2 error=End of file
