Using pre-set license
Built from '2020.3/staging' branch; Version is '2020.3.11f1 (99c7afb366b3) revision 10078127'; Using compiler version '192528614'; Build Type 'Release'
OS: 'Windows 10 Pro; OS build 19041.1288; Version 2004; 64bit' Language: 'de' Physical Memory: 8120 MB
BatchMode: 1, IsHumanControllingUs: 0, StartBugReporterOnCrash: 0, Is64bit: 1, IsPro: 0

 COMMAND LINE ARGUMENTS:
C:\Program Files\Unity\Hub\Editor\2020.3.11f1\Editor\Unity.exe
-adb2
-batchMode
-noUpm
-name
AssetImportWorker0
-projectPath
D:/GitHub/Shader Testing
-logFile
Logs/AssetImportWorker0.log
-srvPort
49887
Successfully changed project path to: D:/GitHub/Shader Testing
D:/GitHub/Shader Testing
Using Asset Import Pipeline V2.
Refreshing native plugins compatible for Editor in 52.17 ms, found 2 plugins.
Preloading 0 native plugins for Editor in 0.00 ms.
Initialize engine version: 2020.3.11f1 (99c7afb366b3)
[Subsystems] Discovering subsystems at path C:/Program Files/Unity/Hub/Editor/2020.3.11f1/Editor/Data/Resources/UnitySubsystems
[Subsystems] Discovering subsystems at path D:/GitHub/Shader Testing/Assets
GfxDevice: creating device client; threaded=0
Direct3D:
    Version:  Direct3D 11.0 [level 11.1]
    Renderer: NVIDIA GeForce GTX 950 (ID=0x1402)
    Vendor:   
    VRAM:     2007 MB
    Driver:   27.21.14.5671
Initialize mono
Mono path[0] = 'C:/Program Files/Unity/Hub/Editor/2020.3.11f1/Editor/Data/Managed'
Mono path[1] = 'C:/Program Files/Unity/Hub/Editor/2020.3.11f1/Editor/Data/MonoBleedingEdge/lib/mono/unityjit'
Mono config path = 'C:/Program Files/Unity/Hub/Editor/2020.3.11f1/Editor/Data/MonoBleedingEdge/etc'
Using monoOptions --debugger-agent=transport=dt_socket,embedding=1,server=y,suspend=n,address=127.0.0.1:56720
Begin MonoManager ReloadAssembly
Registering precompiled unity dll's ...
Register platform support module: C:/Program Files/Unity/Hub/Editor/2020.3.11f1/Editor/Data/PlaybackEngines/WindowsStandaloneSupport/UnityEditor.WindowsStandalone.Extensions.dll
Registered in 0.002141 seconds.
Native extension for WindowsStandalone target not found
Refreshing native plugins compatible for Editor in 59.08 ms, found 2 plugins.
Preloading 0 native plugins for Editor in 0.00 ms.
Mono: successfully reloaded assembly
- Completed reload, in  1.402 seconds
Platform modules already initialized, skipping
Registering precompiled user dll's ...
Registered in 0.004346 seconds.
Begin MonoManager ReloadAssembly
Native extension for WindowsStandalone target not found
Refreshing native plugins compatible for Editor in 59.12 ms, found 2 plugins.
Preloading 0 native plugins for Editor in 0.00 ms.
Mono: successfully reloaded assembly
- Completed reload, in  1.416 seconds
Platform modules already initialized, skipping
========================================================================
Worker process is ready to serve import requests
Shader 'Universal Render Pipeline/Particles/Lit': fallback shader 'Universal Render Pipeline/Particles/SimpleLit' not found
Shader 'Universal Render Pipeline/Particles/Lit': fallback shader 'Universal Render Pipeline/Particles/SimpleLit' not found
Launched and connected shader compiler UnityShaderCompiler.exe after 0.05 seconds
Refreshing native plugins compatible for Editor in 0.52 ms, found 2 plugins.
Preloading 0 native plugins for Editor in 0.00 ms.
Unloading 2646 Unused Serialized files (Serialized files now loaded: 0)
System memory in use before: 136.8 MB.
System memory in use after: 133.1 MB.

Unloading 68 unused Assets to reduce memory usage. Loaded Objects now: 3055.
Total: 4.309200 ms (FindLiveObjects: 0.274600 ms CreateObjectMapping: 0.117800 ms MarkObjects: 2.001800 ms  DeleteObjects: 1.913700 ms)

========================================================================
Received Import Request.
  path: Assets/Meshes/arm.blend
  artifactKey: Guid(ae3a51abfc577214581276600cc8ae9c) Importer(815301076,1909f56bfc062723c751e8b465ee728b)
Start importing Assets/Meshes/arm.blend using Guid(ae3a51abfc577214581276600cc8ae9c) Importer(815301076,1909f56bfc062723c751e8b465ee728b)  -> (artifact id: '3c7c23a0b0ba1a997d0580d26daf291e') in 0.043816 seconds
  Import took 0.061517 seconds .

========================================================================
Received Import Request.
  Time since last request: 285.807160 seconds.
  path: Assets/Meshes/arm.fbx
  artifactKey: Guid(567c3e4bd0233e842a5e060d11c186ff) Importer(815301076,1909f56bfc062723c751e8b465ee728b)
Start importing Assets/Meshes/arm.fbx using Guid(567c3e4bd0233e842a5e060d11c186ff) Importer(815301076,1909f56bfc062723c751e8b465ee728b)  -> (artifact id: '5cb20d8b2c91d86103f7d40d3b657091') in 0.199387 seconds
  Import took 0.206270 seconds .

========================================================================
Received Import Request.
  Time since last request: 68.013155 seconds.
  path: Assets/Meshes/arm.fbx
  artifactKey: Guid(567c3e4bd0233e842a5e060d11c186ff) Importer(815301076,1909f56bfc062723c751e8b465ee728b)
Start importing Assets/Meshes/arm.fbx using Guid(567c3e4bd0233e842a5e060d11c186ff) Importer(815301076,1909f56bfc062723c751e8b465ee728b)  -> (artifact id: 'f9be2f2ff735d1af05d957342fe15916') in 0.073599 seconds
  Import took 0.107499 seconds .

========================================================================
Received Import Request.
  Time since last request: 6.551971 seconds.
  path: Assets/Meshes/arm.fbx
  artifactKey: Guid(567c3e4bd0233e842a5e060d11c186ff) Importer(815301076,1909f56bfc062723c751e8b465ee728b)
Start importing Assets/Meshes/arm.fbx using Guid(567c3e4bd0233e842a5e060d11c186ff) Importer(815301076,1909f56bfc062723c751e8b465ee728b)  -> (artifact id: '9033a0cd976ce9a2c7dd77d8e8e9e574') in 0.070980 seconds
  Import took 0.091053 seconds .

========================================================================
Received Import Request.
  Time since last request: 14.915226 seconds.
  path: Assets/Meshes/arm.fbx
  artifactKey: Guid(567c3e4bd0233e842a5e060d11c186ff) Importer(815301076,1909f56bfc062723c751e8b465ee728b)
Start importing Assets/Meshes/arm.fbx using Guid(567c3e4bd0233e842a5e060d11c186ff) Importer(815301076,1909f56bfc062723c751e8b465ee728b)  -> (artifact id: 'b51c5f490bc00699e28552db049218a0') in 0.073671 seconds
  Import took 0.086844 seconds .

========================================================================
Received Import Request.
  Time since last request: 14.483879 seconds.
  path: Assets/Meshes/arm.fbx
  artifactKey: Guid(567c3e4bd0233e842a5e060d11c186ff) Importer(815301076,1909f56bfc062723c751e8b465ee728b)
Start importing Assets/Meshes/arm.fbx using Guid(567c3e4bd0233e842a5e060d11c186ff) Importer(815301076,1909f56bfc062723c751e8b465ee728b)  -> (artifact id: '26ddda9cb88f5c8f072ef200d8b1eb69') in 0.038021 seconds
  Import took 0.058865 seconds .

========================================================================
Received Import Request.
  Time since last request: 3.805383 seconds.
  path: Assets/Meshes/arm.fbx
  artifactKey: Guid(567c3e4bd0233e842a5e060d11c186ff) Importer(815301076,1909f56bfc062723c751e8b465ee728b)
Start importing Assets/Meshes/arm.fbx using Guid(567c3e4bd0233e842a5e060d11c186ff) Importer(815301076,1909f56bfc062723c751e8b465ee728b)  -> (artifact id: '70703a98d1db2730ba3ba9d27b34585c') in 0.039883 seconds
  Import took 0.071624 seconds .

========================================================================
Received Import Request.
  Time since last request: 3.898673 seconds.
  path: Assets/Meshes/arm.fbx
  artifactKey: Guid(567c3e4bd0233e842a5e060d11c186ff) Importer(815301076,1909f56bfc062723c751e8b465ee728b)
Start importing Assets/Meshes/arm.fbx using Guid(567c3e4bd0233e842a5e060d11c186ff) Importer(815301076,1909f56bfc062723c751e8b465ee728b)  -> (artifact id: 'c4853e3edf39ad168a58d8a05957c40c') in 0.041682 seconds
  Import took 0.059231 seconds .

========================================================================
Received Import Request.
  Time since last request: 3.037153 seconds.
  path: Assets/Meshes/arm.fbx
  artifactKey: Guid(567c3e4bd0233e842a5e060d11c186ff) Importer(815301076,1909f56bfc062723c751e8b465ee728b)
Start importing Assets/Meshes/arm.fbx using Guid(567c3e4bd0233e842a5e060d11c186ff) Importer(815301076,1909f56bfc062723c751e8b465ee728b)  -> (artifact id: 'f1e573efe68309f93bd44d885edd334f') in 0.054540 seconds
  Import took 0.071542 seconds .

========================================================================
Received Import Request.
  Time since last request: 144.510970 seconds.
  path: Assets/Meshes/arm.fbx
  artifactKey: Guid(567c3e4bd0233e842a5e060d11c186ff) Importer(815301076,1909f56bfc062723c751e8b465ee728b)
Start importing Assets/Meshes/arm.fbx using Guid(567c3e4bd0233e842a5e060d11c186ff) Importer(815301076,1909f56bfc062723c751e8b465ee728b)  -> (artifact id: 'c9674fe58c1e4ea77887ca45acada302') in 0.040422 seconds
  Import took 0.075368 seconds .

========================================================================
Received Import Request.
  Time since last request: 30.836779 seconds.
  path: Assets/Meshes/Materials
  artifactKey: Guid(1474b6e32533ff940997a6aee7df32fc) Importer(815301076,1909f56bfc062723c751e8b465ee728b)
Start importing Assets/Meshes/Materials using Guid(1474b6e32533ff940997a6aee7df32fc) Importer(815301076,1909f56bfc062723c751e8b465ee728b)  -> (artifact id: 'd6710815ef64a504895415e88534bb10') in 0.011907 seconds
  Import took 0.034554 seconds .

========================================================================
Received Import Request.
  Time since last request: 18.185078 seconds.
  path: Assets/Meshes/arm.fbx
  artifactKey: Guid(567c3e4bd0233e842a5e060d11c186ff) Importer(815301076,1909f56bfc062723c751e8b465ee728b)
Start importing Assets/Meshes/arm.fbx using Guid(567c3e4bd0233e842a5e060d11c186ff) Importer(815301076,1909f56bfc062723c751e8b465ee728b)  -> (artifact id: 'eaf40f8452c046ecbf727bc3d4daf41c') in 0.102560 seconds
  Import took 0.136811 seconds .

========================================================================
Received Import Request.
  Time since last request: 1.331422 seconds.
  path: Assets/Meshes/Materials/arm-Material.001.mat
  artifactKey: Guid(4e7619ae6d52cf94bad1a702044eec3b) Importer(815301076,1909f56bfc062723c751e8b465ee728b)
Start importing Assets/Meshes/Materials/arm-Material.001.mat using Guid(4e7619ae6d52cf94bad1a702044eec3b) Importer(815301076,1909f56bfc062723c751e8b465ee728b)  -> (artifact id: 'b15c97b24cd6bc72b2defb0cea877100') in 0.026557 seconds
  Import took 0.042293 seconds .

========================================================================
Received Import Request.
  Time since last request: 0.000227 seconds.
  path: Assets/Meshes/Materials/arm-No Name.mat
  artifactKey: Guid(e2b8240f73460564baa4ebe16cb2406f) Importer(815301076,1909f56bfc062723c751e8b465ee728b)
Start importing Assets/Meshes/Materials/arm-No Name.mat using Guid(e2b8240f73460564baa4ebe16cb2406f) Importer(815301076,1909f56bfc062723c751e8b465ee728b)  -> (artifact id: '8616b3e1f8577f9f334b929735166028') in 0.017158 seconds
  Import took 0.025294 seconds .

========================================================================
Received Import Request.
  Time since last request: 0.000299 seconds.
  path: Assets/Meshes/Materials/Material.001.mat
  artifactKey: Guid(efd7c9fbb8d589f4ebc78a4447085379) Importer(815301076,1909f56bfc062723c751e8b465ee728b)
Start importing Assets/Meshes/Materials/Material.001.mat using Guid(efd7c9fbb8d589f4ebc78a4447085379) Importer(815301076,1909f56bfc062723c751e8b465ee728b)  -> (artifact id: 'c5af66ac5c19f0dd4bbc95d64a93c8ef') in 0.016521 seconds
  Import took 0.032014 seconds .

========================================================================
Received Import Request.
  Time since last request: 0.000182 seconds.
  path: Assets/Meshes/Materials/No Name.mat
  artifactKey: Guid(02d3911e752d3314b9feb4f02df4c782) Importer(815301076,1909f56bfc062723c751e8b465ee728b)
Start importing Assets/Meshes/Materials/No Name.mat using Guid(02d3911e752d3314b9feb4f02df4c782) Importer(815301076,1909f56bfc062723c751e8b465ee728b)  -> (artifact id: '998174986fec36b48fe69eb17349d7e6') in 0.014944 seconds
  Import took 0.027117 seconds .

========================================================================
Received Import Request.
  Time since last request: 0.000161 seconds.
  path: Assets/Meshes/Materials/arm-Material.mat
  artifactKey: Guid(c5517bd44df6b804ba46c65df7dccf79) Importer(815301076,1909f56bfc062723c751e8b465ee728b)
Start importing Assets/Meshes/Materials/arm-Material.mat using Guid(c5517bd44df6b804ba46c65df7dccf79) Importer(815301076,1909f56bfc062723c751e8b465ee728b)  -> (artifact id: '2c257fec0c722da44d090ba1e428c3e7') in 0.019231 seconds
  Import took 0.043609 seconds .

========================================================================
Received Import Request.
  Time since last request: 23.269481 seconds.
  path: Assets/Meshes/Materials/Lamp Glass Material.mat
  artifactKey: Guid(ee73fd819dfaacb48b76a0c71707541c) Importer(815301076,1909f56bfc062723c751e8b465ee728b)
Start importing Assets/Meshes/Materials/Lamp Glass Material.mat using Guid(ee73fd819dfaacb48b76a0c71707541c) Importer(815301076,1909f56bfc062723c751e8b465ee728b)  -> (artifact id: '43bef0622a069045a0a9a2941d8ff74a') in 0.020528 seconds
  Import took 0.037825 seconds .

========================================================================
Received Import Request.
  Time since last request: 35.820403 seconds.
  path: Assets/Meshes/arm.fbx
  artifactKey: Guid(567c3e4bd0233e842a5e060d11c186ff) Importer(815301076,1909f56bfc062723c751e8b465ee728b)
Start importing Assets/Meshes/arm.fbx using Guid(567c3e4bd0233e842a5e060d11c186ff) Importer(815301076,1909f56bfc062723c751e8b465ee728b)  -> (artifact id: '7397c6285e48e81e46cda011d0406785') in 0.050458 seconds
  Import took 0.075064 seconds .

========================================================================
Received Import Request.
  Time since last request: 206.855201 seconds.
  path: Assets/Meshes/Materials/Lamp Glass Material.mat
  artifactKey: Guid(ee73fd819dfaacb48b76a0c71707541c) Importer(815301076,1909f56bfc062723c751e8b465ee728b)
Start importing Assets/Meshes/Materials/Lamp Glass Material.mat using Guid(ee73fd819dfaacb48b76a0c71707541c) Importer(815301076,1909f56bfc062723c751e8b465ee728b)  -> (artifact id: '5ff0f811625ce8035a6cdc4ef96d3404') in 0.018804 seconds
  Import took 0.047220 seconds .

========================================================================
Received Prepare
Shader 'Universal Render Pipeline/Particles/Lit': fallback shader 'Universal Render Pipeline/Particles/SimpleLit' not found
Shader 'Universal Render Pipeline/Particles/Lit': fallback shader 'Universal Render Pipeline/Particles/SimpleLit' not found
Refreshing native plugins compatible for Editor in 4.29 ms, found 2 plugins.
Preloading 0 native plugins for Editor in 0.00 ms.
Unloading 62 Unused Serialized files (Serialized files now loaded: 0)
System memory in use before: 102.5 MB.
System memory in use after: 98.8 MB.

Unloading 63 unused Assets to reduce memory usage. Loaded Objects now: 3099.
Total: 5.870100 ms (FindLiveObjects: 0.354900 ms CreateObjectMapping: 0.247900 ms MarkObjects: 3.313100 ms  DeleteObjects: 1.953100 ms)

========================================================================
Received Prepare
Shader 'Universal Render Pipeline/Particles/Lit': fallback shader 'Universal Render Pipeline/Particles/SimpleLit' not found
Shader 'Universal Render Pipeline/Particles/Lit': fallback shader 'Universal Render Pipeline/Particles/SimpleLit' not found
Refreshing native plugins compatible for Editor in 3.54 ms, found 2 plugins.
Preloading 0 native plugins for Editor in 0.00 ms.
Unloading 62 Unused Serialized files (Serialized files now loaded: 0)
System memory in use before: 102.5 MB.
System memory in use after: 98.8 MB.

Unloading 62 unused Assets to reduce memory usage. Loaded Objects now: 3099.
Total: 8.140200 ms (FindLiveObjects: 0.363300 ms CreateObjectMapping: 0.333000 ms MarkObjects: 3.475500 ms  DeleteObjects: 3.966600 ms)

========================================================================
Received Prepare
Shader 'Universal Render Pipeline/Particles/Lit': fallback shader 'Universal Render Pipeline/Particles/SimpleLit' not found
Shader 'Universal Render Pipeline/Particles/Lit': fallback shader 'Universal Render Pipeline/Particles/SimpleLit' not found
Refreshing native plugins compatible for Editor in 3.51 ms, found 2 plugins.
Preloading 0 native plugins for Editor in 0.00 ms.
Unloading 62 Unused Serialized files (Serialized files now loaded: 0)
System memory in use before: 102.5 MB.
System memory in use after: 98.8 MB.

Unloading 62 unused Assets to reduce memory usage. Loaded Objects now: 3099.
Total: 6.335200 ms (FindLiveObjects: 0.275800 ms CreateObjectMapping: 0.120300 ms MarkObjects: 3.647100 ms  DeleteObjects: 2.290500 ms)

========================================================================
Received Import Request.
  Time since last request: 589.023790 seconds.
  path: Assets/Meshes/Materials/Lamp Glass Material.mat
  artifactKey: Guid(ee73fd819dfaacb48b76a0c71707541c) Importer(815301076,1909f56bfc062723c751e8b465ee728b)
Start importing Assets/Meshes/Materials/Lamp Glass Material.mat using Guid(ee73fd819dfaacb48b76a0c71707541c) Importer(815301076,1909f56bfc062723c751e8b465ee728b)  -> (artifact id: 'e76d2e6161c5105d1e8e50d98d95bf01') in 0.039267 seconds
  Import took 0.045248 seconds .

========================================================================
Received Import Request.
  Time since last request: 0.279528 seconds.
  path: Assets/Meshes/Materials/Lamp Glass Material.mat
  artifactKey: Guid(ee73fd819dfaacb48b76a0c71707541c) Importer(815301076,1909f56bfc062723c751e8b465ee728b)
Start importing Assets/Meshes/Materials/Lamp Glass Material.mat using Guid(ee73fd819dfaacb48b76a0c71707541c) Importer(815301076,1909f56bfc062723c751e8b465ee728b)  -> (artifact id: 'e76d2e6161c5105d1e8e50d98d95bf01') in 0.009867 seconds
  Import took 0.015734 seconds .

========================================================================
Received Prepare
Registering precompiled user dll's ...
Registered in 0.004330 seconds.
Begin MonoManager ReloadAssembly
Native extension for WindowsStandalone target not found
Refreshing native plugins compatible for Editor in 0.60 ms, found 2 plugins.
Preloading 0 native plugins for Editor in 0.00 ms.
Mono: successfully reloaded assembly
- Completed reload, in  1.314 seconds
Platform modules already initialized, skipping
Shader 'Universal Render Pipeline/Particles/Lit': fallback shader 'Universal Render Pipeline/Particles/SimpleLit' not found
Shader 'Universal Render Pipeline/Particles/Lit': fallback shader 'Universal Render Pipeline/Particles/SimpleLit' not found
Refreshing native plugins compatible for Editor in 0.53 ms, found 2 plugins.
Preloading 0 native plugins for Editor in 0.00 ms.
Unloading 2635 Unused Serialized files (Serialized files now loaded: 0)
System memory in use before: 153.2 MB.
System memory in use after: 149.5 MB.

Unloading 64 unused Assets to reduce memory usage. Loaded Objects now: 3102.
Total: 7.470900 ms (FindLiveObjects: 0.334900 ms CreateObjectMapping: 0.207900 ms MarkObjects: 4.451600 ms  DeleteObjects: 2.474900 ms)

========================================================================
Received Prepare
Shader 'Universal Render Pipeline/Particles/Lit': fallback shader 'Universal Render Pipeline/Particles/SimpleLit' not found
Shader 'Universal Render Pipeline/Particles/Lit': fallback shader 'Universal Render Pipeline/Particles/SimpleLit' not found
Refreshing native plugins compatible for Editor in 3.74 ms, found 2 plugins.
Preloading 0 native plugins for Editor in 0.00 ms.
Unloading 62 Unused Serialized files (Serialized files now loaded: 0)
System memory in use before: 102.4 MB.
System memory in use after: 98.7 MB.

Unloading 62 unused Assets to reduce memory usage. Loaded Objects now: 3102.
Total: 4.619100 ms (FindLiveObjects: 0.261900 ms CreateObjectMapping: 0.115900 ms MarkObjects: 2.149600 ms  DeleteObjects: 2.090800 ms)

========================================================================
Received Import Request.
  Time since last request: 607.278529 seconds.
  path: Assets/Meshes/Materials/Lamp Glass Material.mat
  artifactKey: Guid(ee73fd819dfaacb48b76a0c71707541c) Importer(815301076,1909f56bfc062723c751e8b465ee728b)
Start importing Assets/Meshes/Materials/Lamp Glass Material.mat using Guid(ee73fd819dfaacb48b76a0c71707541c) Importer(815301076,1909f56bfc062723c751e8b465ee728b)  -> (artifact id: 'e9113fdc6c6c25a0c7faa61774c873e1') in 0.079409 seconds
  Import took 0.098595 seconds .

========================================================================
Received Import Request.
  Time since last request: 0.220458 seconds.
  path: Assets/Meshes/Materials/Lamp Glass Material.mat
  artifactKey: Guid(ee73fd819dfaacb48b76a0c71707541c) Importer(815301076,1909f56bfc062723c751e8b465ee728b)
Start importing Assets/Meshes/Materials/Lamp Glass Material.mat using Guid(ee73fd819dfaacb48b76a0c71707541c) Importer(815301076,1909f56bfc062723c751e8b465ee728b)  -> (artifact id: 'e9113fdc6c6c25a0c7faa61774c873e1') in 0.015269 seconds
  Import took 0.022067 seconds .

========================================================================
Received Prepare
Shader 'Universal Render Pipeline/Particles/Lit': fallback shader 'Universal Render Pipeline/Particles/SimpleLit' not found
Shader 'Universal Render Pipeline/Particles/Lit': fallback shader 'Universal Render Pipeline/Particles/SimpleLit' not found
Refreshing native plugins compatible for Editor in 4.00 ms, found 2 plugins.
Preloading 0 native plugins for Editor in 0.00 ms.
Unloading 62 Unused Serialized files (Serialized files now loaded: 0)
System memory in use before: 102.5 MB.
System memory in use after: 98.7 MB.

Unloading 62 unused Assets to reduce memory usage. Loaded Objects now: 3103.
Total: 7.262700 ms (FindLiveObjects: 0.272800 ms CreateObjectMapping: 0.116300 ms MarkObjects: 3.538100 ms  DeleteObjects: 3.333900 ms)

========================================================================
Received Import Request.
  Time since last request: 460.102053 seconds.
  path: Assets/Meshes/arm.blend
  artifactKey: Guid(ae3a51abfc577214581276600cc8ae9c) Importer(815301076,1909f56bfc062723c751e8b465ee728b)
Start importing Assets/Meshes/arm.blend using Guid(ae3a51abfc577214581276600cc8ae9c) Importer(815301076,1909f56bfc062723c751e8b465ee728b)  -> (artifact id: '709b42c3fda9ca57d51b76433d9a0f93') in 0.139912 seconds
  Import took 0.146895 seconds .

========================================================================
Received Import Request.
  Time since last request: 54.362048 seconds.
  path: Assets/Meshes/Materials/Lamp Metal.mat
  artifactKey: Guid(85da2f328d6c7fa45b99fe3cb21ae705) Importer(815301076,1909f56bfc062723c751e8b465ee728b)
Start importing Assets/Meshes/Materials/Lamp Metal.mat using Guid(85da2f328d6c7fa45b99fe3cb21ae705) Importer(815301076,1909f56bfc062723c751e8b465ee728b)  -> (artifact id: 'cfb826f615a59e2c98f1503838648e4e') in 0.018433 seconds
  Import took 0.042790 seconds .

========================================================================
Received Prepare
Registering precompiled user dll's ...
Registered in 0.004525 seconds.
Begin MonoManager ReloadAssembly
Native extension for WindowsStandalone target not found
Refreshing native plugins compatible for Editor in 0.64 ms, found 2 plugins.
Preloading 0 native plugins for Editor in 0.00 ms.
Mono: successfully reloaded assembly
- Completed reload, in  4.024 seconds
Platform modules already initialized, skipping
Shader 'Universal Render Pipeline/Particles/Lit': fallback shader 'Universal Render Pipeline/Particles/SimpleLit' not found
Shader 'Universal Render Pipeline/Particles/Lit': fallback shader 'Universal Render Pipeline/Particles/SimpleLit' not found
Refreshing native plugins compatible for Editor in 0.57 ms, found 2 plugins.
Preloading 0 native plugins for Editor in 0.00 ms.
Unloading 2635 Unused Serialized files (Serialized files now loaded: 0)
System memory in use before: 153.3 MB.
System memory in use after: 149.6 MB.

Unloading 65 unused Assets to reduce memory usage. Loaded Objects now: 3106.
Total: 5.244300 ms (FindLiveObjects: 0.361800 ms CreateObjectMapping: 0.210400 ms MarkObjects: 2.347900 ms  DeleteObjects: 2.322400 ms)

========================================================================
Received Prepare
Shader 'Universal Render Pipeline/Particles/Lit': fallback shader 'Universal Render Pipeline/Particles/SimpleLit' not found
Shader 'Universal Render Pipeline/Particles/Lit': fallback shader 'Universal Render Pipeline/Particles/SimpleLit' not found
Refreshing native plugins compatible for Editor in 3.62 ms, found 2 plugins.
Preloading 0 native plugins for Editor in 0.00 ms.
Unloading 62 Unused Serialized files (Serialized files now loaded: 0)
System memory in use before: 102.5 MB.
System memory in use after: 98.8 MB.

Unloading 62 unused Assets to reduce memory usage. Loaded Objects now: 3106.
Total: 5.616600 ms (FindLiveObjects: 0.271400 ms CreateObjectMapping: 0.118900 ms MarkObjects: 2.974000 ms  DeleteObjects: 2.251100 ms)

========================================================================
Received Import Request.
  Time since last request: 183.634481 seconds.
  path: Assets/Meshes/Materials/Lamp Metal.mat
  artifactKey: Guid(85da2f328d6c7fa45b99fe3cb21ae705) Importer(815301076,1909f56bfc062723c751e8b465ee728b)
Start importing Assets/Meshes/Materials/Lamp Metal.mat using Guid(85da2f328d6c7fa45b99fe3cb21ae705) Importer(815301076,1909f56bfc062723c751e8b465ee728b)  -> (artifact id: 'b8883d94060419cfa6a48fcb47d3885d') in 0.072344 seconds
  Import took 0.111221 seconds .

========================================================================
Received Import Request.
  Time since last request: 0.262139 seconds.
  path: Assets/Meshes/Materials/Lamp Metal.mat
  artifactKey: Guid(85da2f328d6c7fa45b99fe3cb21ae705) Importer(815301076,1909f56bfc062723c751e8b465ee728b)
Start importing Assets/Meshes/Materials/Lamp Metal.mat using Guid(85da2f328d6c7fa45b99fe3cb21ae705) Importer(815301076,1909f56bfc062723c751e8b465ee728b)  -> (artifact id: 'b8883d94060419cfa6a48fcb47d3885d') in 0.023992 seconds
  Import took 0.029719 seconds .

========================================================================
Received Prepare
Shader 'Universal Render Pipeline/Particles/Lit': fallback shader 'Universal Render Pipeline/Particles/SimpleLit' not found
Shader 'Universal Render Pipeline/Particles/Lit': fallback shader 'Universal Render Pipeline/Particles/SimpleLit' not found
Refreshing native plugins compatible for Editor in 6.07 ms, found 2 plugins.
Preloading 0 native plugins for Editor in 0.00 ms.
Unloading 62 Unused Serialized files (Serialized files now loaded: 0)
System memory in use before: 102.5 MB.
System memory in use after: 98.8 MB.

Unloading 62 unused Assets to reduce memory usage. Loaded Objects now: 3107.
Total: 16.089700 ms (FindLiveObjects: 0.291600 ms CreateObjectMapping: 0.119900 ms MarkObjects: 12.102800 ms  DeleteObjects: 3.573600 ms)

========================================================================
Received Prepare
Registering precompiled user dll's ...
Registered in 0.005147 seconds.
Begin MonoManager ReloadAssembly
Native extension for WindowsStandalone target not found
Refreshing native plugins compatible for Editor in 0.56 ms, found 2 plugins.
Preloading 0 native plugins for Editor in 0.00 ms.
Mono: successfully reloaded assembly
- Completed reload, in  1.288 seconds
Platform modules already initialized, skipping
Shader 'Universal Render Pipeline/Particles/Lit': fallback shader 'Universal Render Pipeline/Particles/SimpleLit' not found
Shader 'Universal Render Pipeline/Particles/Lit': fallback shader 'Universal Render Pipeline/Particles/SimpleLit' not found
Refreshing native plugins compatible for Editor in 1.51 ms, found 2 plugins.
Preloading 0 native plugins for Editor in 0.00 ms.
Unloading 2635 Unused Serialized files (Serialized files now loaded: 0)
System memory in use before: 153.3 MB.
System memory in use after: 149.6 MB.

Unloading 64 unused Assets to reduce memory usage. Loaded Objects now: 3110.
Total: 7.200000 ms (FindLiveObjects: 0.427800 ms CreateObjectMapping: 0.292200 ms MarkObjects: 3.208100 ms  DeleteObjects: 3.270000 ms)

========================================================================
Received Import Request.
  Time since last request: 2170.274587 seconds.
  path: ProjectSettings/TagManager.asset
  artifactKey: Guid(00000000000000003000000000000000) Importer(815301076,1909f56bfc062723c751e8b465ee728b)
Start importing ProjectSettings/TagManager.asset using Guid(00000000000000003000000000000000) Importer(815301076,1909f56bfc062723c751e8b465ee728b)  -> (artifact id: 'ce6a35c3cddc746e7501c0bd0ed6d4ce') in 0.040871 seconds
  Import took 0.056490 seconds .

========================================================================
Received Prepare
Shader 'Universal Render Pipeline/Particles/Lit': fallback shader 'Universal Render Pipeline/Particles/SimpleLit' not found
Shader 'Universal Render Pipeline/Particles/Lit': fallback shader 'Universal Render Pipeline/Particles/SimpleLit' not found
Refreshing native plugins compatible for Editor in 3.83 ms, found 2 plugins.
Preloading 0 native plugins for Editor in 0.00 ms.
Unloading 62 Unused Serialized files (Serialized files now loaded: 0)
System memory in use before: 102.6 MB.
System memory in use after: 98.8 MB.

Unloading 63 unused Assets to reduce memory usage. Loaded Objects now: 3110.
Total: 6.783600 ms (FindLiveObjects: 0.309300 ms CreateObjectMapping: 0.122500 ms MarkObjects: 3.789100 ms  DeleteObjects: 2.561700 ms)

========================================================================
Received Prepare
Shader 'Universal Render Pipeline/Particles/Lit': fallback shader 'Universal Render Pipeline/Particles/SimpleLit' not found
Shader 'Universal Render Pipeline/Particles/Lit': fallback shader 'Universal Render Pipeline/Particles/SimpleLit' not found
Refreshing native plugins compatible for Editor in 5.03 ms, found 2 plugins.
Preloading 0 native plugins for Editor in 0.00 ms.
Unloading 62 Unused Serialized files (Serialized files now loaded: 0)
System memory in use before: 102.6 MB.
System memory in use after: 98.8 MB.

Unloading 62 unused Assets to reduce memory usage. Loaded Objects now: 3110.
Total: 5.983900 ms (FindLiveObjects: 0.261100 ms CreateObjectMapping: 0.115400 ms MarkObjects: 3.317200 ms  DeleteObjects: 2.288000 ms)

========================================================================
Received Prepare
Shader 'Universal Render Pipeline/Particles/Lit': fallback shader 'Universal Render Pipeline/Particles/SimpleLit' not found
Shader 'Universal Render Pipeline/Particles/Lit': fallback shader 'Universal Render Pipeline/Particles/SimpleLit' not found
Refreshing native plugins compatible for Editor in 4.56 ms, found 2 plugins.
Preloading 0 native plugins for Editor in 0.00 ms.
Unloading 62 Unused Serialized files (Serialized files now loaded: 0)
System memory in use before: 102.6 MB.
System memory in use after: 98.8 MB.

Unloading 62 unused Assets to reduce memory usage. Loaded Objects now: 3110.
Total: 5.689700 ms (FindLiveObjects: 0.328500 ms CreateObjectMapping: 0.128300 ms MarkObjects: 2.734300 ms  DeleteObjects: 2.497300 ms)

========================================================================
Received Prepare
Shader 'Universal Render Pipeline/Particles/Lit': fallback shader 'Universal Render Pipeline/Particles/SimpleLit' not found
Shader 'Universal Render Pipeline/Particles/Lit': fallback shader 'Universal Render Pipeline/Particles/SimpleLit' not found
Refreshing native plugins compatible for Editor in 3.88 ms, found 2 plugins.
Preloading 0 native plugins for Editor in 0.00 ms.
Unloading 62 Unused Serialized files (Serialized files now loaded: 0)
System memory in use before: 102.6 MB.
System memory in use after: 98.8 MB.

Unloading 62 unused Assets to reduce memory usage. Loaded Objects now: 3110.
Total: 6.450900 ms (FindLiveObjects: 0.289600 ms CreateObjectMapping: 0.122700 ms MarkObjects: 3.273700 ms  DeleteObjects: 2.763200 ms)

========================================================================
Received Prepare
Shader 'Universal Render Pipeline/Particles/Lit': fallback shader 'Universal Render Pipeline/Particles/SimpleLit' not found
Shader 'Universal Render Pipeline/Particles/Lit': fallback shader 'Universal Render Pipeline/Particles/SimpleLit' not found
Refreshing native plugins compatible for Editor in 3.71 ms, found 2 plugins.
Preloading 0 native plugins for Editor in 0.00 ms.
Unloading 62 Unused Serialized files (Serialized files now loaded: 0)
System memory in use before: 102.5 MB.
System memory in use after: 98.8 MB.

Unloading 62 unused Assets to reduce memory usage. Loaded Objects now: 3110.
Total: 5.330200 ms (FindLiveObjects: 0.327900 ms CreateObjectMapping: 0.121000 ms MarkObjects: 2.564600 ms  DeleteObjects: 2.315200 ms)

========================================================================
Received Import Request.
  Time since last request: 1256.213354 seconds.
  path: Assets/Meshes/Materials/Test.mat
  artifactKey: Guid(ac93a5cf330f9a44eb5189b94a597371) Importer(815301076,1909f56bfc062723c751e8b465ee728b)
Start importing Assets/Meshes/Materials/Test.mat using Guid(ac93a5cf330f9a44eb5189b94a597371) Importer(815301076,1909f56bfc062723c751e8b465ee728b)  -> (artifact id: 'fa9c29839796f18526285b1d0cec44b7') in 0.090617 seconds
  Import took 0.107688 seconds .

========================================================================
Received Import Request.
  Time since last request: 7.536668 seconds.
  path: Assets/Images/Test.png
  artifactKey: Guid(986fb1cb69b2c1f4c88f991cabeee96e) Importer(815301076,1909f56bfc062723c751e8b465ee728b)
Start importing Assets/Images/Test.png using Guid(986fb1cb69b2c1f4c88f991cabeee96e) Importer(815301076,1909f56bfc062723c751e8b465ee728b)  -> (artifact id: '3aa8301212226bd345f1d7fe019c0e7b') in 0.059458 seconds
  Import took 0.115152 seconds .

========================================================================
Received Prepare
Shader 'Universal Render Pipeline/Particles/Lit': fallback shader 'Universal Render Pipeline/Particles/SimpleLit' not found
Shader 'Universal Render Pipeline/Particles/Lit': fallback shader 'Universal Render Pipeline/Particles/SimpleLit' not found
Refreshing native plugins compatible for Editor in 3.90 ms, found 2 plugins.
Preloading 0 native plugins for Editor in 0.00 ms.
Unloading 62 Unused Serialized files (Serialized files now loaded: 0)
System memory in use before: 102.6 MB.
System memory in use after: 98.9 MB.

Unloading 62 unused Assets to reduce memory usage. Loaded Objects now: 3113.
Total: 6.930600 ms (FindLiveObjects: 0.276800 ms CreateObjectMapping: 0.116700 ms MarkObjects: 3.743300 ms  DeleteObjects: 2.792300 ms)

========================================================================
Received Import Request.
  Time since last request: 52.284846 seconds.
  path: Assets/Meshes/Materials/Test.mat
  artifactKey: Guid(ac93a5cf330f9a44eb5189b94a597371) Importer(815301076,1909f56bfc062723c751e8b465ee728b)
Start importing Assets/Meshes/Materials/Test.mat using Guid(ac93a5cf330f9a44eb5189b94a597371) Importer(815301076,1909f56bfc062723c751e8b465ee728b)  -> (artifact id: '91829ebfe96ab16f84354b392bc79be9') in 0.024660 seconds
  Import took 0.051886 seconds .

========================================================================
Received Import Request.
  Time since last request: 0.478593 seconds.
  path: Assets/Meshes/Materials/Test.mat
  artifactKey: Guid(ac93a5cf330f9a44eb5189b94a597371) Importer(815301076,1909f56bfc062723c751e8b465ee728b)
Start importing Assets/Meshes/Materials/Test.mat using Guid(ac93a5cf330f9a44eb5189b94a597371) Importer(815301076,1909f56bfc062723c751e8b465ee728b)  -> (artifact id: '91829ebfe96ab16f84354b392bc79be9') in 0.020397 seconds
  Import took 0.029639 seconds .

========================================================================
Received Prepare
Registering precompiled user dll's ...
Registered in 0.004777 seconds.
Begin MonoManager ReloadAssembly
Native extension for WindowsStandalone target not found
Refreshing native plugins compatible for Editor in 0.58 ms, found 2 plugins.
Preloading 0 native plugins for Editor in 0.00 ms.
Mono: successfully reloaded assembly
- Completed reload, in  1.363 seconds
Platform modules already initialized, skipping
Shader 'Universal Render Pipeline/Particles/Lit': fallback shader 'Universal Render Pipeline/Particles/SimpleLit' not found
Shader 'Universal Render Pipeline/Particles/Lit': fallback shader 'Universal Render Pipeline/Particles/SimpleLit' not found
Refreshing native plugins compatible for Editor in 0.56 ms, found 2 plugins.
Preloading 0 native plugins for Editor in 0.00 ms.
Unloading 2635 Unused Serialized files (Serialized files now loaded: 0)
System memory in use before: 153.4 MB.
System memory in use after: 149.6 MB.

Unloading 64 unused Assets to reduce memory usage. Loaded Objects now: 3116.
Total: 5.226300 ms (FindLiveObjects: 0.330500 ms CreateObjectMapping: 0.142400 ms MarkObjects: 2.223200 ms  DeleteObjects: 2.529000 ms)

========================================================================
Received Prepare
Registering precompiled user dll's ...
Registered in 0.005035 seconds.
Begin MonoManager ReloadAssembly
Native extension for WindowsStandalone target not found
Refreshing native plugins compatible for Editor in 0.94 ms, found 2 plugins.
Preloading 0 native plugins for Editor in 0.00 ms.
Mono: successfully reloaded assembly
- Completed reload, in  1.315 seconds
Platform modules already initialized, skipping
Shader 'Universal Render Pipeline/Particles/Lit': fallback shader 'Universal Render Pipeline/Particles/SimpleLit' not found
Shader 'Universal Render Pipeline/Particles/Lit': fallback shader 'Universal Render Pipeline/Particles/SimpleLit' not found
Refreshing native plugins compatible for Editor in 0.53 ms, found 2 plugins.
Preloading 0 native plugins for Editor in 0.00 ms.
Unloading 2635 Unused Serialized files (Serialized files now loaded: 0)
System memory in use before: 153.4 MB.
System memory in use after: 149.6 MB.

Unloading 64 unused Assets to reduce memory usage. Loaded Objects now: 3119.
Total: 5.963400 ms (FindLiveObjects: 0.265100 ms CreateObjectMapping: 0.173200 ms MarkObjects: 2.509600 ms  DeleteObjects: 3.013700 ms)

========================================================================
Received Prepare
Registering precompiled user dll's ...
Registered in 0.004484 seconds.
Begin MonoManager ReloadAssembly
Native extension for WindowsStandalone target not found
Refreshing native plugins compatible for Editor in 0.78 ms, found 2 plugins.
Preloading 0 native plugins for Editor in 0.00 ms.
Mono: successfully reloaded assembly
- Completed reload, in  1.288 seconds
Platform modules already initialized, skipping
Shader 'Universal Render Pipeline/Particles/Lit': fallback shader 'Universal Render Pipeline/Particles/SimpleLit' not found
Shader 'Universal Render Pipeline/Particles/Lit': fallback shader 'Universal Render Pipeline/Particles/SimpleLit' not found
Refreshing native plugins compatible for Editor in 0.63 ms, found 2 plugins.
Preloading 0 native plugins for Editor in 0.00 ms.
Unloading 2635 Unused Serialized files (Serialized files now loaded: 0)
System memory in use before: 153.4 MB.
System memory in use after: 149.7 MB.

Unloading 64 unused Assets to reduce memory usage. Loaded Objects now: 3122.
Total: 6.452700 ms (FindLiveObjects: 0.520700 ms CreateObjectMapping: 0.305500 ms MarkObjects: 2.909700 ms  DeleteObjects: 2.714000 ms)

========================================================================
Received Prepare
Shader 'Universal Render Pipeline/Particles/Lit': fallback shader 'Universal Render Pipeline/Particles/SimpleLit' not found
Shader 'Universal Render Pipeline/Particles/Lit': fallback shader 'Universal Render Pipeline/Particles/SimpleLit' not found
Refreshing native plugins compatible for Editor in 4.35 ms, found 2 plugins.
Preloading 0 native plugins for Editor in 0.00 ms.
Unloading 62 Unused Serialized files (Serialized files now loaded: 0)
System memory in use before: 102.6 MB.
System memory in use after: 98.9 MB.

Unloading 62 unused Assets to reduce memory usage. Loaded Objects now: 3122.
Total: 5.033000 ms (FindLiveObjects: 0.260600 ms CreateObjectMapping: 0.229300 ms MarkObjects: 2.213300 ms  DeleteObjects: 2.328700 ms)

========================================================================
Received Prepare
Registering precompiled user dll's ...
Registered in 0.004992 seconds.
Begin MonoManager ReloadAssembly
Native extension for WindowsStandalone target not found
Refreshing native plugins compatible for Editor in 0.66 ms, found 2 plugins.
Preloading 0 native plugins for Editor in 0.00 ms.
Mono: successfully reloaded assembly
- Completed reload, in  1.178 seconds
Platform modules already initialized, skipping
Shader 'Universal Render Pipeline/Particles/Lit': fallback shader 'Universal Render Pipeline/Particles/SimpleLit' not found
Shader 'Universal Render Pipeline/Particles/Lit': fallback shader 'Universal Render Pipeline/Particles/SimpleLit' not found
Refreshing native plugins compatible for Editor in 1.27 ms, found 2 plugins.
Preloading 0 native plugins for Editor in 0.00 ms.
Unloading 2635 Unused Serialized files (Serialized files now loaded: 0)
System memory in use before: 153.4 MB.
System memory in use after: 149.7 MB.

Unloading 64 unused Assets to reduce memory usage. Loaded Objects now: 3125.
Total: 6.201600 ms (FindLiveObjects: 0.384500 ms CreateObjectMapping: 0.273800 ms MarkObjects: 2.422600 ms  DeleteObjects: 3.119000 ms)

========================================================================
Received Prepare
Registering precompiled user dll's ...
Registered in 0.004456 seconds.
Begin MonoManager ReloadAssembly
Native extension for WindowsStandalone target not found
Refreshing native plugins compatible for Editor in 0.89 ms, found 2 plugins.
Preloading 0 native plugins for Editor in 0.00 ms.
Mono: successfully reloaded assembly
- Completed reload, in  1.274 seconds
Platform modules already initialized, skipping
Shader 'Universal Render Pipeline/Particles/Lit': fallback shader 'Universal Render Pipeline/Particles/SimpleLit' not found
Shader 'Universal Render Pipeline/Particles/Lit': fallback shader 'Universal Render Pipeline/Particles/SimpleLit' not found
Refreshing native plugins compatible for Editor in 0.72 ms, found 2 plugins.
Preloading 0 native plugins for Editor in 0.00 ms.
Unloading 2635 Unused Serialized files (Serialized files now loaded: 0)
System memory in use before: 153.4 MB.
System memory in use after: 149.7 MB.

Unloading 64 unused Assets to reduce memory usage. Loaded Objects now: 3128.
Total: 7.485300 ms (FindLiveObjects: 0.631800 ms CreateObjectMapping: 0.819700 ms MarkObjects: 3.441800 ms  DeleteObjects: 2.588400 ms)

========================================================================
Received Prepare
Shader 'Universal Render Pipeline/Particles/Lit': fallback shader 'Universal Render Pipeline/Particles/SimpleLit' not found
Shader 'Universal Render Pipeline/Particles/Lit': fallback shader 'Universal Render Pipeline/Particles/SimpleLit' not found
Refreshing native plugins compatible for Editor in 3.63 ms, found 2 plugins.
Preloading 0 native plugins for Editor in 0.00 ms.
Unloading 62 Unused Serialized files (Serialized files now loaded: 0)
System memory in use before: 102.6 MB.
System memory in use after: 98.9 MB.

Unloading 62 unused Assets to reduce memory usage. Loaded Objects now: 3128.
Total: 5.185100 ms (FindLiveObjects: 0.250600 ms CreateObjectMapping: 0.112100 ms MarkObjects: 2.270600 ms  DeleteObjects: 2.550500 ms)

========================================================================
Received Prepare
Shader 'Universal Render Pipeline/Particles/Lit': fallback shader 'Universal Render Pipeline/Particles/SimpleLit' not found
Shader 'Universal Render Pipeline/Particles/Lit': fallback shader 'Universal Render Pipeline/Particles/SimpleLit' not found
Refreshing native plugins compatible for Editor in 3.96 ms, found 2 plugins.
Preloading 0 native plugins for Editor in 0.00 ms.
Unloading 62 Unused Serialized files (Serialized files now loaded: 0)
System memory in use before: 102.6 MB.
System memory in use after: 98.9 MB.

Unloading 62 unused Assets to reduce memory usage. Loaded Objects now: 3128.
Total: 5.738200 ms (FindLiveObjects: 0.593800 ms CreateObjectMapping: 0.132900 ms MarkObjects: 2.472600 ms  DeleteObjects: 2.537200 ms)

========================================================================
Received Prepare
Registering precompiled user dll's ...
Registered in 0.005483 seconds.
Begin MonoManager ReloadAssembly
Native extension for WindowsStandalone target not found
Refreshing native plugins compatible for Editor in 0.60 ms, found 2 plugins.
Preloading 0 native plugins for Editor in 0.00 ms.
Mono: successfully reloaded assembly
- Completed reload, in  1.209 seconds
Platform modules already initialized, skipping
Shader 'Universal Render Pipeline/Particles/Lit': fallback shader 'Universal Render Pipeline/Particles/SimpleLit' not found
Shader 'Universal Render Pipeline/Particles/Lit': fallback shader 'Universal Render Pipeline/Particles/SimpleLit' not found
Refreshing native plugins compatible for Editor in 0.57 ms, found 2 plugins.
Preloading 0 native plugins for Editor in 0.00 ms.
Unloading 2635 Unused Serialized files (Serialized files now loaded: 0)
System memory in use before: 153.4 MB.
System memory in use after: 149.7 MB.

Unloading 64 unused Assets to reduce memory usage. Loaded Objects now: 3131.
Total: 6.495800 ms (FindLiveObjects: 0.284400 ms CreateObjectMapping: 0.145900 ms MarkObjects: 2.500700 ms  DeleteObjects: 3.563100 ms)

========================================================================
Received Prepare
Shader 'Universal Render Pipeline/Particles/Lit': fallback shader 'Universal Render Pipeline/Particles/SimpleLit' not found
Shader 'Universal Render Pipeline/Particles/Lit': fallback shader 'Universal Render Pipeline/Particles/SimpleLit' not found
Refreshing native plugins compatible for Editor in 3.93 ms, found 2 plugins.
Preloading 0 native plugins for Editor in 0.00 ms.
Unloading 62 Unused Serialized files (Serialized files now loaded: 0)
System memory in use before: 102.6 MB.
System memory in use after: 98.9 MB.

Unloading 62 unused Assets to reduce memory usage. Loaded Objects now: 3131.
Total: 4.940800 ms (FindLiveObjects: 0.360200 ms CreateObjectMapping: 0.136100 ms MarkObjects: 2.084600 ms  DeleteObjects: 2.359000 ms)

========================================================================
Received Prepare
Registering precompiled user dll's ...
Registered in 0.005661 seconds.
Begin MonoManager ReloadAssembly
Native extension for WindowsStandalone target not found
Refreshing native plugins compatible for Editor in 0.53 ms, found 2 plugins.
Preloading 0 native plugins for Editor in 0.00 ms.
Mono: successfully reloaded assembly
- Completed reload, in  1.157 seconds
Platform modules already initialized, skipping
Shader 'Universal Render Pipeline/Particles/Lit': fallback shader 'Universal Render Pipeline/Particles/SimpleLit' not found
Shader 'Universal Render Pipeline/Particles/Lit': fallback shader 'Universal Render Pipeline/Particles/SimpleLit' not found
Refreshing native plugins compatible for Editor in 0.91 ms, found 2 plugins.
Preloading 0 native plugins for Editor in 0.00 ms.
Unloading 2635 Unused Serialized files (Serialized files now loaded: 0)
System memory in use before: 153.4 MB.
System memory in use after: 149.7 MB.

Unloading 64 unused Assets to reduce memory usage. Loaded Objects now: 3134.
Total: 5.317100 ms (FindLiveObjects: 0.440900 ms CreateObjectMapping: 0.166000 ms MarkObjects: 2.347500 ms  DeleteObjects: 2.360900 ms)

========================================================================
Received Prepare
Shader 'Universal Render Pipeline/Particles/Lit': fallback shader 'Universal Render Pipeline/Particles/SimpleLit' not found
Shader 'Universal Render Pipeline/Particles/Lit': fallback shader 'Universal Render Pipeline/Particles/SimpleLit' not found
Refreshing native plugins compatible for Editor in 33.78 ms, found 2 plugins.
Preloading 0 native plugins for Editor in 0.00 ms.
Unloading 62 Unused Serialized files (Serialized files now loaded: 0)
System memory in use before: 102.6 MB.
System memory in use after: 98.9 MB.

Unloading 62 unused Assets to reduce memory usage. Loaded Objects now: 3134.
Total: 12.287800 ms (FindLiveObjects: 0.440600 ms CreateObjectMapping: 0.313300 ms MarkObjects: 5.236500 ms  DeleteObjects: 6.295600 ms)

========================================================================
Received Prepare
Registering precompiled user dll's ...
Registered in 0.004811 seconds.
Begin MonoManager ReloadAssembly
Native extension for WindowsStandalone target not found
Refreshing native plugins compatible for Editor in 0.53 ms, found 2 plugins.
Preloading 0 native plugins for Editor in 0.00 ms.
Mono: successfully reloaded assembly
- Completed reload, in  1.242 seconds
Platform modules already initialized, skipping
Shader 'Universal Render Pipeline/Particles/Lit': fallback shader 'Universal Render Pipeline/Particles/SimpleLit' not found
Shader 'Universal Render Pipeline/Particles/Lit': fallback shader 'Universal Render Pipeline/Particles/SimpleLit' not found
Refreshing native plugins compatible for Editor in 0.77 ms, found 2 plugins.
Preloading 0 native plugins for Editor in 0.00 ms.
Unloading 2635 Unused Serialized files (Serialized files now loaded: 0)
System memory in use before: 153.4 MB.
System memory in use after: 149.7 MB.

Unloading 64 unused Assets to reduce memory usage. Loaded Objects now: 3137.
Total: 184.483300 ms (FindLiveObjects: 0.399900 ms CreateObjectMapping: 0.353300 ms MarkObjects: 179.434600 ms  DeleteObjects: 4.292200 ms)

========================================================================
Received Prepare
Shader 'Universal Render Pipeline/Particles/Lit': fallback shader 'Universal Render Pipeline/Particles/SimpleLit' not found
Shader 'Universal Render Pipeline/Particles/Lit': fallback shader 'Universal Render Pipeline/Particles/SimpleLit' not found
Refreshing native plugins compatible for Editor in 3.78 ms, found 2 plugins.
Preloading 0 native plugins for Editor in 0.00 ms.
Unloading 62 Unused Serialized files (Serialized files now loaded: 0)
System memory in use before: 102.7 MB.
System memory in use after: 98.9 MB.

Unloading 62 unused Assets to reduce memory usage. Loaded Objects now: 3137.
Total: 4.910300 ms (FindLiveObjects: 0.240800 ms CreateObjectMapping: 0.110500 ms MarkObjects: 2.226200 ms  DeleteObjects: 2.331600 ms)

========================================================================
Received Prepare
Registering precompiled user dll's ...
Registered in 0.004305 seconds.
Begin MonoManager ReloadAssembly
Native extension for WindowsStandalone target not found
Refreshing native plugins compatible for Editor in 0.59 ms, found 2 plugins.
Preloading 0 native plugins for Editor in 0.00 ms.
Mono: successfully reloaded assembly
- Completed reload, in  1.265 seconds
Platform modules already initialized, skipping
Shader 'Universal Render Pipeline/Particles/Lit': fallback shader 'Universal Render Pipeline/Particles/SimpleLit' not found
Shader 'Universal Render Pipeline/Particles/Lit': fallback shader 'Universal Render Pipeline/Particles/SimpleLit' not found
Refreshing native plugins compatible for Editor in 0.56 ms, found 2 plugins.
Preloading 0 native plugins for Editor in 0.00 ms.
Unloading 2635 Unused Serialized files (Serialized files now loaded: 0)
System memory in use before: 153.4 MB.
System memory in use after: 149.7 MB.

Unloading 64 unused Assets to reduce memory usage. Loaded Objects now: 3140.
Total: 5.387000 ms (FindLiveObjects: 0.271100 ms CreateObjectMapping: 0.120600 ms MarkObjects: 2.622000 ms  DeleteObjects: 2.371900 ms)

========================================================================
Received Prepare
Shader 'Universal Render Pipeline/Particles/Lit': fallback shader 'Universal Render Pipeline/Particles/SimpleLit' not found
Shader 'Universal Render Pipeline/Particles/Lit': fallback shader 'Universal Render Pipeline/Particles/SimpleLit' not found
Refreshing native plugins compatible for Editor in 6.39 ms, found 2 plugins.
Preloading 0 native plugins for Editor in 0.00 ms.
Unloading 62 Unused Serialized files (Serialized files now loaded: 0)
System memory in use before: 102.7 MB.
System memory in use after: 98.9 MB.

Unloading 62 unused Assets to reduce memory usage. Loaded Objects now: 3140.
Total: 5.617700 ms (FindLiveObjects: 0.360300 ms CreateObjectMapping: 0.174300 ms MarkObjects: 2.598900 ms  DeleteObjects: 2.483100 ms)

========================================================================
Received Prepare
Registering precompiled user dll's ...
Registered in 0.005807 seconds.
Begin MonoManager ReloadAssembly
Native extension for WindowsStandalone target not found
Refreshing native plugins compatible for Editor in 0.58 ms, found 2 plugins.
Preloading 0 native plugins for Editor in 0.00 ms.
Mono: successfully reloaded assembly
- Completed reload, in  1.206 seconds
Platform modules already initialized, skipping
Shader 'Universal Render Pipeline/Particles/Lit': fallback shader 'Universal Render Pipeline/Particles/SimpleLit' not found
Shader 'Universal Render Pipeline/Particles/Lit': fallback shader 'Universal Render Pipeline/Particles/SimpleLit' not found
Refreshing native plugins compatible for Editor in 0.66 ms, found 2 plugins.
Preloading 0 native plugins for Editor in 0.00 ms.
Unloading 2635 Unused Serialized files (Serialized files now loaded: 0)
System memory in use before: 153.4 MB.
System memory in use after: 149.7 MB.

Unloading 64 unused Assets to reduce memory usage. Loaded Objects now: 3143.
Total: 5.630600 ms (FindLiveObjects: 0.451100 ms CreateObjectMapping: 0.294400 ms MarkObjects: 2.366900 ms  DeleteObjects: 2.517000 ms)

========================================================================
Received Prepare
Shader 'Universal Render Pipeline/Particles/Lit': fallback shader 'Universal Render Pipeline/Particles/SimpleLit' not found
Shader 'Universal Render Pipeline/Particles/Lit': fallback shader 'Universal Render Pipeline/Particles/SimpleLit' not found
Refreshing native plugins compatible for Editor in 4.38 ms, found 2 plugins.
Preloading 0 native plugins for Editor in 0.00 ms.
Unloading 62 Unused Serialized files (Serialized files now loaded: 0)
System memory in use before: 102.6 MB.
System memory in use after: 98.9 MB.

Unloading 62 unused Assets to reduce memory usage. Loaded Objects now: 3143.
Total: 5.741500 ms (FindLiveObjects: 0.261000 ms CreateObjectMapping: 0.118200 ms MarkObjects: 2.735600 ms  DeleteObjects: 2.625300 ms)

AssetImportWorkerClient::OnTransportError - code=2 error=End of file
